{
  "stats": {
    "suites": 1,
    "tests": 4,
    "passes": 4,
    "pending": 0,
    "failures": 0,
    "start": "2023-06-15T00:38:27.603Z",
    "end": "2023-06-15T00:38:42.466Z",
    "duration": 14863,
    "testsRegistered": 4,
    "passPercent": 100,
    "pendingPercent": 0,
    "other": 0,
    "hasOther": false,
    "skipped": 0,
    "hasSkipped": false
  },
  "results": [
    {
      "uuid": "be3513d2-f821-4b89-96b5-e89c731bbcad",
      "title": "",
      "fullFile": "cypress/e2e/3-ALURAPIC/alurapic.cy.js",
      "file": "cypress/e2e/3-ALURAPIC/alurapic.cy.js",
      "beforeHooks": [],
      "afterHooks": [],
      "tests": [],
      "suites": [
        {
          "uuid": "fc8db356-6264-463e-a975-1ea38a411428",
          "title": "alura busca cursos",
          "fullFile": "",
          "file": "",
          "beforeHooks": [],
          "afterHooks": [],
          "tests": [
            {
              "title": "verifica mensagens validacao",
              "fullTitle": "alura busca cursos verifica mensagens validacao",
              "timedOut": null,
              "duration": 6969,
              "state": "passed",
              "speed": "medium",
              "pass": true,
              "fail": false,
              "pending": false,
              "context": null,
              "code": "cy.contains('a', 'Register now').click();\ncy.contains('h4', 'Register to embrace a new world!').should('be.visible');\ncy.contains('button', 'Register').click();\ncy.contains('ap-vmessage', 'Email is required!').should('be.visible');\ncy.contains('button', 'Register').click();\ncy.contains('ap-vmessage', 'Full name is required!').should('be.visible');\ncy.contains('ap-vmessage', 'User name is required!').should('be.visible');\ncy.contains('ap-vmessage', 'Password is required!').should('be.visible');",
              "err": {},
              "uuid": "573117ad-19a9-4c1f-83cb-630a99d6b7aa",
              "parentUUID": "fc8db356-6264-463e-a975-1ea38a411428",
              "isHook": false,
              "skipped": false
            },
            {
              "title": "verifica mensagens de email inválido",
              "fullTitle": "alura busca cursos verifica mensagens de email inválido",
              "timedOut": null,
              "duration": 2298,
              "state": "passed",
              "speed": "fast",
              "pass": true,
              "fail": false,
              "pending": false,
              "context": null,
              "code": "cy.contains('a', 'Register now').click();\ncy.contains('h4', 'Register to embrace a new world!').should('be.visible');\ncy.contains('button', 'Register').click();\ncy.contains('ap-vmessage', 'Email is required!').should('be.visible');\ncy.get('input[formcontrolname=\"email\"]').type('everton');\ncy.contains('ap-vmessage', 'Invalid e-mail').should('be.visible');",
              "err": {},
              "uuid": "459e5fb3-318f-4ef3-9702-b169fe99dc70",
              "parentUUID": "fc8db356-6264-463e-a975-1ea38a411428",
              "isHook": false,
              "skipped": false
            },
            {
              "title": "verifica mensagens de senha com menos de 8 caracteres",
              "fullTitle": "alura busca cursos verifica mensagens de senha com menos de 8 caracteres",
              "timedOut": null,
              "duration": 1585,
              "state": "passed",
              "speed": "fast",
              "pass": true,
              "fail": false,
              "pending": false,
              "context": null,
              "code": "cy.contains('a', 'Register now').click();\ncy.contains('h4', 'Register to embrace a new world!').should('be.visible');\ncy.get('input[formcontrolname=\"password\"]').type('123');\ncy.contains('button', 'Register').click();\ncy.contains('ap-vmessage', 'Mininum length is 8').should('be.visible');",
              "err": {},
              "uuid": "fe7b544d-a9a4-4fea-849a-373f6304be36",
              "parentUUID": "fc8db356-6264-463e-a975-1ea38a411428",
              "isHook": false,
              "skipped": false
            },
            {
              "title": "verifica mensagens de usuário em caixa alta",
              "fullTitle": "alura busca cursos verifica mensagens de usuário em caixa alta",
              "timedOut": null,
              "duration": 1513,
              "state": "passed",
              "speed": "fast",
              "pass": true,
              "fail": false,
              "pending": false,
              "context": null,
              "code": "cy.contains('a', 'Register now').click();\ncy.contains('h4', 'Register to embrace a new world!').should('be.visible');\ncy.get('input[formcontrolname=\"userName\"]').type('TESTE');\ncy.contains('button', 'Register').click();\ncy.contains('ap-vmessage', 'Must be lower case').should('be.visible');",
              "err": {},
              "uuid": "d8e62663-675d-4876-8867-a715477d8303",
              "parentUUID": "fc8db356-6264-463e-a975-1ea38a411428",
              "isHook": false,
              "skipped": false
            }
          ],
          "suites": [],
          "passes": [
            "573117ad-19a9-4c1f-83cb-630a99d6b7aa",
            "459e5fb3-318f-4ef3-9702-b169fe99dc70",
            "fe7b544d-a9a4-4fea-849a-373f6304be36",
            "d8e62663-675d-4876-8867-a715477d8303"
          ],
          "failures": [],
          "pending": [],
          "skipped": [],
          "duration": 12365,
          "root": false,
          "rootEmpty": false,
          "_timeout": 2000
        }
      ],
      "passes": [],
      "failures": [],
      "pending": [],
      "skipped": [],
      "duration": 0,
      "root": true,
      "rootEmpty": true,
      "_timeout": 2000
    }
  ],
  "meta": {
    "mocha": {
      "version": "7.0.1"
    },
    "mochawesome": {
      "options": {
        "quiet": false,
        "reportFilename": "mochawesome",
        "saveHtml": true,
        "saveJson": true,
        "consoleReporter": "spec",
        "useInlineDiffs": false,
        "code": true
      },
      "version": "7.1.3"
    },
    "marge": {
      "options": null,
      "version": "6.2.0"
    }
  }
}